Reading netlist file: "E:\EthernetBRIDGE\impl\gwsynthesis\EthernetBRIDGE.vg"
Parsing netlist file "E:\EthernetBRIDGE\impl\gwsynthesis\EthernetBRIDGE.vg" completed
Processing netlist completed
Reading constraint file: "E:\EthernetBRIDGE\src\pinout_test_board.cst"
Physical Constraint parsed completed
Running placement......
[10%] Placement Phase 0 completed
[20%] Placement Phase 1 completed
[30%] Placement Phase 2 completed
[50%] Placement Phase 3 completed
Running routing......
[60%] Routing Phase 0 completed
[70%] Routing Phase 1 completed
[80%] Routing Phase 2 completed
WARN  (PR1014) : Generic routing resource will be used to clock signal 'phy_rx_clk_d' by the specified constraint. And then it may lead to the excessive delay or skew
WARN  (PR1014) : Generic routing resource will be used to clock signal 'phy_tx_clk_d' by the specified constraint. And then it may lead to the excessive delay or skew
[90%] Routing Phase 3 completed
Running timing analysis......
[95%] Timing analysis completed
Placement and routing completed
Bitstream generation in progress......
Bitstream generation completed
Running power analysis......
[100%] Power analysis completed
Generate file "E:\EthernetBRIDGE\impl\pnr\EthernetBRIDGE.power.html" completed
Generate file "E:\EthernetBRIDGE\impl\pnr\EthernetBRIDGE.pin.html" completed
Generate file "E:\EthernetBRIDGE\impl\pnr\EthernetBRIDGE.rpt.html" completed
Generate file "E:\EthernetBRIDGE\impl\pnr\EthernetBRIDGE.rpt.txt" completed
Generate file "E:\EthernetBRIDGE\impl\pnr\EthernetBRIDGE.tr.html" completed
Mon Mar 13 23:03:52 2023

