GowinSynthesis start
Running parser ...
Analyzing Verilog file 'E:\EthernetBRIDGE\src\fifo_buff.v'
Analyzing Verilog file 'E:\EthernetBRIDGE\src\mac_controller.v'
Analyzing Verilog file 'E:\EthernetBRIDGE\src\phy_conf.v'
Analyzing Verilog file 'E:\EthernetBRIDGE\src\top_bridge.v'
Analyzing Verilog file 'E:\EthernetBRIDGE\src\top_mac_to_fifo_test.v'
Undeclared symbol 'phy_rx_err', assumed default net type 'wire'("E:\EthernetBRIDGE\src\top_mac_to_fifo_test.v":47)
Undeclared symbol 'phy_tx_err', assumed default net type 'wire'("E:\EthernetBRIDGE\src\top_mac_to_fifo_test.v":48)
Undeclared symbol 'phy_crs', assumed default net type 'wire'("E:\EthernetBRIDGE\src\top_mac_to_fifo_test.v":49)
Undeclared symbol 'phy_col', assumed default net type 'wire'("E:\EthernetBRIDGE\src\top_mac_to_fifo_test.v":49)
Analyzing Verilog file 'E:\EthernetBRIDGE\src\triple_speed_ethernet_mac\triple_speed_ethernet_mac.v'
Analyzing Verilog file 'E:\EthernetBRIDGE\src\tx_control.v'
WARN  (EX3073) : Port 'rst_n' remains unconnected for this instance("E:\EthernetBRIDGE\src\top_mac_to_fifo_test.v":62)
Compiling module 'top_mac_to_fifo_test'("E:\EthernetBRIDGE\src\top_mac_to_fifo_test.v":1)
Compiling module 'phy_conf'("E:\EthernetBRIDGE\src\phy_conf.v":1)
WARN  (EX3780) : Using initial value of 'sft_rst' since it is never assigned("E:\EthernetBRIDGE\src\phy_conf.v":77)
WARN  (EX3073) : Port 'rx_pause_req' remains unconnected for this instance("E:\EthernetBRIDGE\src\mac_controller.v":90)
Compiling module 'mac_controller'("E:\EthernetBRIDGE\src\mac_controller.v":1)
Compiling module 'Triple_Speed_Ethernet_MAC_Top'("E:\EthernetBRIDGE\src\triple_speed_ethernet_mac\triple_speed_ethernet_mac.v":6522)
Compiling module '**'("E:\EthernetBRIDGE\src\triple_speed_ethernet_mac\triple_speed_ethernet_mac.v":0)
Compiling module '**'("E:\EthernetBRIDGE\src\triple_speed_ethernet_mac\triple_speed_ethernet_mac.v":0)
Compiling module '**'("E:\EthernetBRIDGE\src\triple_speed_ethernet_mac\triple_speed_ethernet_mac.v":0)
Compiling module '**'("E:\EthernetBRIDGE\src\triple_speed_ethernet_mac\triple_speed_ethernet_mac.v":0)
Compiling module '**'("E:\EthernetBRIDGE\src\triple_speed_ethernet_mac\triple_speed_ethernet_mac.v":0)
Compiling module '**'("E:\EthernetBRIDGE\src\triple_speed_ethernet_mac\triple_speed_ethernet_mac.v":0)
Compiling module '**'("E:\EthernetBRIDGE\src\triple_speed_ethernet_mac\triple_speed_ethernet_mac.v":0)
Compiling module '**'("E:\EthernetBRIDGE\src\triple_speed_ethernet_mac\triple_speed_ethernet_mac.v":0)
Compiling module '**'("E:\EthernetBRIDGE\src\triple_speed_ethernet_mac\triple_speed_ethernet_mac.v":0)
Compiling module '**'("E:\EthernetBRIDGE\src\triple_speed_ethernet_mac\triple_speed_ethernet_mac.v":0)
Compiling module '**'("E:\EthernetBRIDGE\src\triple_speed_ethernet_mac\triple_speed_ethernet_mac.v":0)
Compiling module '**'("E:\EthernetBRIDGE\src\triple_speed_ethernet_mac\triple_speed_ethernet_mac.v":0)
Compiling module '**'("E:\EthernetBRIDGE\src\triple_speed_ethernet_mac\triple_speed_ethernet_mac.v":0)
Compiling module '**'("E:\EthernetBRIDGE\src\triple_speed_ethernet_mac\triple_speed_ethernet_mac.v":0)
Compiling module '**'("E:\EthernetBRIDGE\src\triple_speed_ethernet_mac\triple_speed_ethernet_mac.v":0)
Compiling module '**'("E:\EthernetBRIDGE\src\triple_speed_ethernet_mac\triple_speed_ethernet_mac.v":0)
WARN  (EX1947) : Input port 'rx_fcs_fwd_ena' remains unconnected for this instance("E:\EthernetBRIDGE\src\mac_controller.v":90)
WARN  (EX1947) : Input port 'rx_jumbo_ena' remains unconnected for this instance("E:\EthernetBRIDGE\src\mac_controller.v":90)
WARN  (EX1947) : Input port 'tx_fcs_fwd_ena' remains unconnected for this instance("E:\EthernetBRIDGE\src\mac_controller.v":90)
WARN  (EX1947) : Input port 'tx_ifg_delay_ena' remains unconnected for this instance("E:\EthernetBRIDGE\src\mac_controller.v":90)
WARN  (EX1947) : Input port 'tx_ifg_delay[7]' remains unconnected for this instance("E:\EthernetBRIDGE\src\mac_controller.v":90)
WARN  (EX1947) : Input port 'tx_ifg_delay[6]' remains unconnected for this instance("E:\EthernetBRIDGE\src\mac_controller.v":90)
WARN  (EX1947) : Input port 'tx_ifg_delay[5]' remains unconnected for this instance("E:\EthernetBRIDGE\src\mac_controller.v":90)
WARN  (EX1947) : Input port 'tx_ifg_delay[4]' remains unconnected for this instance("E:\EthernetBRIDGE\src\mac_controller.v":90)
WARN  (EX1947) : Input port 'tx_ifg_delay[3]' remains unconnected for this instance("E:\EthernetBRIDGE\src\mac_controller.v":90)
WARN  (EX1947) : Input port 'tx_ifg_delay[2]' remains unconnected for this instance("E:\EthernetBRIDGE\src\mac_controller.v":90)
WARN  (EX1947) : Input port 'tx_ifg_delay[1]' remains unconnected for this instance("E:\EthernetBRIDGE\src\mac_controller.v":90)
WARN  (EX1947) : Input port 'tx_ifg_delay[0]' remains unconnected for this instance("E:\EthernetBRIDGE\src\mac_controller.v":90)
WARN  (EX1947) : Input port 'tx_pause_req' remains unconnected for this instance("E:\EthernetBRIDGE\src\mac_controller.v":90)
WARN  (EX1947) : Input port 'tx_pause_val[15]' remains unconnected for this instance("E:\EthernetBRIDGE\src\mac_controller.v":90)
WARN  (EX1947) : Input port 'tx_pause_val[14]' remains unconnected for this instance("E:\EthernetBRIDGE\src\mac_controller.v":90)
WARN  (EX1947) : Input port 'tx_pause_val[13]' remains unconnected for this instance("E:\EthernetBRIDGE\src\mac_controller.v":90)
WARN  (EX1947) : Input port 'tx_pause_val[12]' remains unconnected for this instance("E:\EthernetBRIDGE\src\mac_controller.v":90)
WARN  (EX1947) : Input port 'tx_pause_val[11]' remains unconnected for this instance("E:\EthernetBRIDGE\src\mac_controller.v":90)
WARN  (EX1947) : Input port 'tx_pause_val[10]' remains unconnected for this instance("E:\EthernetBRIDGE\src\mac_controller.v":90)
WARN  (EX1947) : Input port 'tx_pause_val[9]' remains unconnected for this instance("E:\EthernetBRIDGE\src\mac_controller.v":90)
WARN  (EX1947) : Input port 'tx_pause_val[8]' remains unconnected for this instance("E:\EthernetBRIDGE\src\mac_controller.v":90)
WARN  (EX1947) : Input port 'tx_pause_val[7]' remains unconnected for this instance("E:\EthernetBRIDGE\src\mac_controller.v":90)
WARN  (EX1947) : Input port 'tx_pause_val[6]' remains unconnected for this instance("E:\EthernetBRIDGE\src\mac_controller.v":90)
WARN  (EX1947) : Input port 'tx_pause_val[5]' remains unconnected for this instance("E:\EthernetBRIDGE\src\mac_controller.v":90)
WARN  (EX1947) : Input port 'tx_pause_val[4]' remains unconnected for this instance("E:\EthernetBRIDGE\src\mac_controller.v":90)
WARN  (EX1947) : Input port 'tx_pause_val[3]' remains unconnected for this instance("E:\EthernetBRIDGE\src\mac_controller.v":90)
WARN  (EX1947) : Input port 'tx_pause_val[2]' remains unconnected for this instance("E:\EthernetBRIDGE\src\mac_controller.v":90)
WARN  (EX1947) : Input port 'tx_pause_val[1]' remains unconnected for this instance("E:\EthernetBRIDGE\src\mac_controller.v":90)
WARN  (EX1947) : Input port 'tx_pause_val[0]' remains unconnected for this instance("E:\EthernetBRIDGE\src\mac_controller.v":90)
WARN  (EX1947) : Input port 'tx_pause_source_addr[47]' remains unconnected for this instance("E:\EthernetBRIDGE\src\mac_controller.v":90)
WARN  (EX1947) : Input port 'tx_pause_source_addr[46]' remains unconnected for this instance("E:\EthernetBRIDGE\src\mac_controller.v":90)
WARN  (EX1947) : Input port 'tx_pause_source_addr[45]' remains unconnected for this instance("E:\EthernetBRIDGE\src\mac_controller.v":90)
WARN  (EX1947) : Input port 'tx_pause_source_addr[44]' remains unconnected for this instance("E:\EthernetBRIDGE\src\mac_controller.v":90)
WARN  (EX1947) : Input port 'tx_pause_source_addr[43]' remains unconnected for this instance("E:\EthernetBRIDGE\src\mac_controller.v":90)
WARN  (EX1947) : Input port 'tx_pause_source_addr[42]' remains unconnected for this instance("E:\EthernetBRIDGE\src\mac_controller.v":90)
WARN  (EX1947) : Input port 'tx_pause_source_addr[41]' remains unconnected for this instance("E:\EthernetBRIDGE\src\mac_controller.v":90)
WARN  (EX1947) : Input port 'tx_pause_source_addr[40]' remains unconnected for this instance("E:\EthernetBRIDGE\src\mac_controller.v":90)
WARN  (EX1947) : Input port 'tx_pause_source_addr[39]' remains unconnected for this instance("E:\EthernetBRIDGE\src\mac_controller.v":90)
WARN  (EX1947) : Input port 'tx_pause_source_addr[38]' remains unconnected for this instance("E:\EthernetBRIDGE\src\mac_controller.v":90)
WARN  (EX1947) : Input port 'tx_pause_source_addr[37]' remains unconnected for this instance("E:\EthernetBRIDGE\src\mac_controller.v":90)
WARN  (EX1947) : Input port 'tx_pause_source_addr[36]' remains unconnected for this instance("E:\EthernetBRIDGE\src\mac_controller.v":90)
WARN  (EX1947) : Input port 'tx_pause_source_addr[35]' remains unconnected for this instance("E:\EthernetBRIDGE\src\mac_controller.v":90)
WARN  (EX1947) : Input port 'tx_pause_source_addr[34]' remains unconnected for this instance("E:\EthernetBRIDGE\src\mac_controller.v":90)
WARN  (EX1947) : Input port 'tx_pause_source_addr[33]' remains unconnected for this instance("E:\EthernetBRIDGE\src\mac_controller.v":90)
WARN  (EX1947) : Input port 'tx_pause_source_addr[32]' remains unconnected for this instance("E:\EthernetBRIDGE\src\mac_controller.v":90)
WARN  (EX1947) : Input port 'tx_pause_source_addr[31]' remains unconnected for this instance("E:\EthernetBRIDGE\src\mac_controller.v":90)
WARN  (EX1947) : Input port 'tx_pause_source_addr[30]' remains unconnected for this instance("E:\EthernetBRIDGE\src\mac_controller.v":90)
WARN  (EX1947) : Input port 'tx_pause_source_addr[29]' remains unconnected for this instance("E:\EthernetBRIDGE\src\mac_controller.v":90)
WARN  (EX1947) : Input port 'tx_pause_source_addr[28]' remains unconnected for this instance("E:\EthernetBRIDGE\src\mac_controller.v":90)
WARN  (EX1947) : Input port 'tx_pause_source_addr[27]' remains unconnected for this instance("E:\EthernetBRIDGE\src\mac_controller.v":90)
WARN  (EX1947) : Input port 'tx_pause_source_addr[26]' remains unconnected for this instance("E:\EthernetBRIDGE\src\mac_controller.v":90)
WARN  (EX1947) : Input port 'tx_pause_source_addr[25]' remains unconnected for this instance("E:\EthernetBRIDGE\src\mac_controller.v":90)
WARN  (EX1947) : Input port 'tx_pause_source_addr[24]' remains unconnected for this instance("E:\EthernetBRIDGE\src\mac_controller.v":90)
WARN  (EX1947) : Input port 'tx_pause_source_addr[23]' remains unconnected for this instance("E:\EthernetBRIDGE\src\mac_controller.v":90)
WARN  (EX1947) : Input port 'tx_pause_source_addr[22]' remains unconnected for this instance("E:\EthernetBRIDGE\src\mac_controller.v":90)
WARN  (EX1947) : Input port 'tx_pause_source_addr[21]' remains unconnected for this instance("E:\EthernetBRIDGE\src\mac_controller.v":90)
WARN  (EX1947) : Input port 'tx_pause_source_addr[20]' remains unconnected for this instance("E:\EthernetBRIDGE\src\mac_controller.v":90)
WARN  (EX1947) : Input port 'tx_pause_source_addr[19]' remains unconnected for this instance("E:\EthernetBRIDGE\src\mac_controller.v":90)
WARN  (EX1947) : Input port 'tx_pause_source_addr[18]' remains unconnected for this instance("E:\EthernetBRIDGE\src\mac_controller.v":90)
WARN  (EX1947) : Input port 'tx_pause_source_addr[17]' remains unconnected for this instance("E:\EthernetBRIDGE\src\mac_controller.v":90)
WARN  (EX1947) : Input port 'tx_pause_source_addr[16]' remains unconnected for this instance("E:\EthernetBRIDGE\src\mac_controller.v":90)
WARN  (EX1947) : Input port 'tx_pause_source_addr[15]' remains unconnected for this instance("E:\EthernetBRIDGE\src\mac_controller.v":90)
WARN  (EX1947) : Input port 'tx_pause_source_addr[14]' remains unconnected for this instance("E:\EthernetBRIDGE\src\mac_controller.v":90)
WARN  (EX1947) : Input port 'tx_pause_source_addr[13]' remains unconnected for this instance("E:\EthernetBRIDGE\src\mac_controller.v":90)
WARN  (EX1947) : Input port 'tx_pause_source_addr[12]' remains unconnected for this instance("E:\EthernetBRIDGE\src\mac_controller.v":90)
WARN  (EX1947) : Input port 'tx_pause_source_addr[11]' remains unconnected for this instance("E:\EthernetBRIDGE\src\mac_controller.v":90)
WARN  (EX1947) : Input port 'tx_pause_source_addr[10]' remains unconnected for this instance("E:\EthernetBRIDGE\src\mac_controller.v":90)
WARN  (EX1947) : Input port 'tx_pause_source_addr[9]' remains unconnected for this instance("E:\EthernetBRIDGE\src\mac_controller.v":90)
WARN  (EX1947) : Input port 'tx_pause_source_addr[8]' remains unconnected for this instance("E:\EthernetBRIDGE\src\mac_controller.v":90)
WARN  (EX1947) : Input port 'tx_pause_source_addr[7]' remains unconnected for this instance("E:\EthernetBRIDGE\src\mac_controller.v":90)
WARN  (EX1947) : Input port 'tx_pause_source_addr[6]' remains unconnected for this instance("E:\EthernetBRIDGE\src\mac_controller.v":90)
WARN  (EX1947) : Input port 'tx_pause_source_addr[5]' remains unconnected for this instance("E:\EthernetBRIDGE\src\mac_controller.v":90)
WARN  (EX1947) : Input port 'tx_pause_source_addr[4]' remains unconnected for this instance("E:\EthernetBRIDGE\src\mac_controller.v":90)
WARN  (EX1947) : Input port 'tx_pause_source_addr[3]' remains unconnected for this instance("E:\EthernetBRIDGE\src\mac_controller.v":90)
WARN  (EX1947) : Input port 'tx_pause_source_addr[2]' remains unconnected for this instance("E:\EthernetBRIDGE\src\mac_controller.v":90)
WARN  (EX1947) : Input port 'tx_pause_source_addr[1]' remains unconnected for this instance("E:\EthernetBRIDGE\src\mac_controller.v":90)
WARN  (EX1947) : Input port 'tx_pause_source_addr[0]' remains unconnected for this instance("E:\EthernetBRIDGE\src\mac_controller.v":90)
Compiling module 'tx_control'("E:\EthernetBRIDGE\src\tx_control.v":4)
Extracting RAM for identifier 'memory'("E:\EthernetBRIDGE\src\tx_control.v":11)
Compiling module 'fifo_buff'("E:\EthernetBRIDGE\src\fifo_buff.v":1)
Extracting RAM for identifier 'memory'("E:\EthernetBRIDGE\src\fifo_buff.v":15)
WARN  (EX1998) : Net 'miim_rden' does not have a driver("E:\EthernetBRIDGE\src\top_mac_to_fifo_test.v":30)
WARN  (EX1998) : Net 'phy_rx_err' does not have a driver("E:\EthernetBRIDGE\src\top_mac_to_fifo_test.v":47)
WARN  (EX1998) : Net 'phy_crs' does not have a driver("E:\EthernetBRIDGE\src\top_mac_to_fifo_test.v":49)
WARN  (EX1998) : Net 'phy_col' does not have a driver("E:\EthernetBRIDGE\src\top_mac_to_fifo_test.v":49)
WARN  (EX1947) : Input port 'reset' remains unconnected for this instance("E:\EthernetBRIDGE\src\top_mac_to_fifo_test.v":54)
WARN  (EX1947) : Input port 'tx_mac_err' remains unconnected for this instance("E:\EthernetBRIDGE\src\top_mac_to_fifo_test.v":54)
WARN  (EX1947) : Input port 'rst' remains unconnected for this instance("E:\EthernetBRIDGE\src\top_mac_to_fifo_test.v":58)
WARN  (EX1947) : Input port 'rst_n' remains unconnected for this instance("E:\EthernetBRIDGE\src\top_mac_to_fifo_test.v":62)
WARN  (EX2565) : Input 'is_another_empty' on this instance is undriven. Assigning to 0, simulation mismatch possible. Please assign the input or remove the declaration("E:\EthernetBRIDGE\src\top_mac_to_fifo_test.v":62)
NOTE  (EX0101) : Current top module is "top_mac_to_fifo_test"
[5%] Running netlist conversion ...
Running device independent optimization ...
[10%] Optimizing Phase 0 completed
[15%] Optimizing Phase 1 completed
[25%] Optimizing Phase 2 completed
Running inference ...
[30%] Inferring Phase 0 completed
[40%] Inferring Phase 1 completed
[50%] Inferring Phase 2 completed
[55%] Inferring Phase 3 completed
Running technical mapping ...
[60%] Tech-Mapping Phase 0 completed
[65%] Tech-Mapping Phase 1 completed
[75%] Tech-Mapping Phase 2 completed
[80%] Tech-Mapping Phase 3 completed
[90%] Tech-Mapping Phase 4 completed
WARN  (NL0002) : The module "tx_control" instantiated to "last_byte_checker" is swept in optimizing("E:\EthernetBRIDGE\src\top_mac_to_fifo_test.v":58)
WARN  (NL0002) : The module "~crc_chk.Triple_Speed_Ethernet_MAC_Top" instantiated to "u_crc_chk" is swept in optimizing("E:\EthernetBRIDGE\src\triple_speed_ethernet_mac\triple_speed_ethernet_mac.v":0)
WARN  (NL0002) : The module "fifo_buff" instantiated to "txfifo" is swept in optimizing("E:\EthernetBRIDGE\src\top_mac_to_fifo_test.v":62)
[95%] Generate netlist file "E:\EthernetBRIDGE\impl\gwsynthesis\EthernetBRIDGE.vg" completed
[100%] Generate report file "E:\EthernetBRIDGE\impl\gwsynthesis\EthernetBRIDGE_syn.rpt.html" completed
GowinSynthesis finish
